#
# A fatal error has been detected by the Java Runtime Environment:
#
#  SIGSEGV (0xb) at pc=0x000000010af4f174, pid=99043, tid=8707
#
# JRE version: Java(TM) SE Runtime Environment (13.0.1+9) (build 13.0.1+9)
# Java VM: Java HotSpot(TM) 64-Bit Server VM (13.0.1+9, mixed mode, sharing, tiered, compressed oops, g1 gc, bsd-amd64)
# Problematic frame:
# V  [libjvm.dylib+0x74f174]  EnableIf<HasDecorator<1097844ull, MO_UNORDERED>::value, oopDesc*>::type RawAccessBarrier<1097844ull>::load_internal<1097844ull, oopDesc*>(void*)+0x4
#
# No core dump will be written. Core dumps have been disabled. To enable core dumping, try "ulimit -c unlimited" before starting Java again
#
# If you would like to submit a bug report, please visit:
#   http://bugreport.java.com/bugreport/crash.jsp
#

---------------  S U M M A R Y ------------

Command Line: -Dfile.encoding=UTF-8 org.apache.catalina.startup.Tomcat$1

Host: MacBookAir7,2 x86_64 1800 MHz, 4 cores, 8G, Darwin 16.7.0
Time: Tue May 19 00:45:21 2020 PDT elapsed time: 0 seconds (0d 0h 0m 0s)

---------------  T H R E A D  ---------------

Current thread (0x00007fe66200c800):  JavaThread "main" [_thread_in_vm, id=8707, stack(0x0000000109ed9000,0x0000000109fd9000)]

Stack: [0x0000000109ed9000,0x0000000109fd9000],  sp=0x0000000109fd8cf0,  free space=1023k
Native frames: (J=compiled Java code, A=aot compiled Java code, j=interpreted, Vv=VM code, C=native code)
V  [libjvm.dylib+0x74f174]  EnableIf<HasDecorator<1097844ull, MO_UNORDERED>::value, oopDesc*>::type RawAccessBarrier<1097844ull>::load_internal<1097844ull, oopDesc*>(void*)+0x4
V  [libjvm.dylib+0x74f139]  oopDesc* RawAccessBarrier<1097844ull>::oop_load<oopDesc*>(void*)+0x9
V  [libjvm.dylib+0x74f1ab]  oopDesc* G1BarrierSet::AccessBarrier<1097844ull, G1BarrierSet>::oop_load_not_in_heap<oopDesc*>(oopDesc**)+0xb
V  [libjvm.dylib+0x3e2b49]  jni_GetStringUTFChars+0xde
C  [libjli.dylib+0x70bc]  PostJVMInit+0xad
C  [libjli.dylib+0x4a01]  JavaMain+0xa4f
C  [libjli.dylib+0x6d64]  ThreadJavaMain+0x9
C  [libsystem_pthread.dylib+0x393b]  _pthread_body+0xb4
C  [libsystem_pthread.dylib+0x3887]  _pthread_body+0x0
C  [libsystem_pthread.dylib+0x308d]  thread_start+0xd


siginfo: si_signo: 11 (SIGSEGV), si_code: 1 (SEGV_MAPERR), si_addr: 0x0000000000000000

Register to memory mapping:

RAX=0x0 is NULL
RBX=0x00007fe66200cb10 points into unknown readable memory: e0 1d 15 0b 01 00 00 00
RCX=0x000000010b151de0: jni_NativeInterface+0 in /Library/Java/JavaVirtualMachines/jdk-13.0.1.jdk/Contents/Home/lib/server/libjvm.dylib at 0x000000010a800000
RDX=0x0 is NULL
RSP=0x0000000109fd8cf0 is pointing into the stack for thread: 0x00007fe66200c800
RBP=0x0000000109fd8cf0 is pointing into the stack for thread: 0x00007fe66200c800
RSI=0x0 is NULL
RDI=0x0 is NULL
R8 ={method} {0x0000000800328bd8} 'getCanonicalName' '()Ljava/lang/String;' in 'java/lang/Class'
R9 =0x00007fe66160c190 points into unknown readable memory: d8 8b 32 00 08 00 00 00
R10=0x000000010b1ce510: _ZN19TemplateInterpreter13_active_tableE+0x4800 in /Library/Java/JavaVirtualMachines/jdk-13.0.1.jdk/Contents/Home/lib/server/libjvm.dylib at 0x000000010a800000
R11=0x00000008009ca800 is pointing into metadata
R12=0x00007fe66200c800 is a thread
R13=0x0 is NULL
R14=0x0 is NULL
R15=0x0 is NULL


Registers:
RAX=0x0000000000000000, RBX=0x00007fe66200cb10, RCX=0x000000010b151de0, RDX=0x0000000000000000
RSP=0x0000000109fd8cf0, RBP=0x0000000109fd8cf0, RSI=0x0000000000000000, RDI=0x0000000000000000
R8 =0x0000000800328bd8, R9 =0x00007fe66160c190, R10=0x000000010b1ce510, R11=0x00000008009ca800
R12=0x00007fe66200c800, R13=0x0000000000000000, R14=0x0000000000000000, R15=0x0000000000000000
RIP=0x000000010af4f174, EFLAGS=0x0000000000010246, ERR=0x0000000000000004
  TRAPNO=0x000000000000000e

Top of Stack: (sp=0x0000000109fd8cf0)
0x0000000109fd8cf0:   0000000109fd8d00 000000010af4f139
0x0000000109fd8d00:   0000000109fd8d20 000000010af4f1ab
0x0000000109fd8d10:   0000000000000000 00007fe66200cb10
0x0000000109fd8d20:   0000000109fd8dc0 000000010abe2b49
0x0000000109fd8d30:   0000000109fd8d50 000000010af4c053
0x0000000109fd8d40:   000000010b1c3901 00007fe66200c800
0x0000000109fd8d50:   0000000109fd8d70 000000010af4c2ea
0x0000000109fd8d60:   00007fe66200c800 0000000000000000
0x0000000109fd8d70:   0000000109fd8d90 000000010af4c2bc
0x0000000109fd8d80:   00007fe66200c800 00007fe66200cb10
0x0000000109fd8d90:   0000000109fd8dc0 00007fe66200cb10
0x0000000109fd8da0:   00007fe66160cf20 0000000000000000
0x0000000109fd8db0:   0000000000000000 00007fe66160cf28
0x0000000109fd8dc0:   0000000109fd8e50 0000000109e700bc
0x0000000109fd8dd0:   000000010b1c3901 00007fe66200c800
0x0000000109fd8de0:   0000000109fd8e00 000000010af4c2ea
0x0000000109fd8df0:   00007fe66160bfc0 00007fe66200c800
0x0000000109fd8e00:   0000000109fd8e20 000000010af4c2bc
0x0000000109fd8e10:   00007fe66160c280 0000000000000000
0x0000000109fd8e20:   0000000109fd8e50 8c46c0302a0a00b3
0x0000000109fd8e30:   00007fe66200cb10 00007fe66160cf20
0x0000000109fd8e40:   00007fe66160cf38 00007fe66160cf28
0x0000000109fd8e50:   0000000109fd8ee0 0000000109e6da01
0x0000000109fd8e60:   0000000000000000 000001722be7be4d
0x0000000109fd8e70:   0000000400010002 00007fe661503560
0x0000000109fd8e80:   0000000000000000 0000000000000000
0x0000000109fd8e90:   00007fe661600148 0000000000000001
0x0000000109fd8ea0:   00007fe6616000d0 00007fe66200cb10
0x0000000109fd8eb0:   000000010b151dd8 0000000109fd9000
0x0000000109fd8ec0:   0000000109e6fd5b 0000000000002203
0x0000000109fd8ed0:   00000000190008ff 0000700002c63cf0
0x0000000109fd8ee0:   0000000109fd8ef0 0000000109e6fd64 

Instructions: (pc=0x000000010af4f174)
0x000000010af4f074:   c1 5d c3 48 8d 3d 11 cd 05 00 48 8d 15 11 ce 05
0x000000010af4f084:   00 be ef 00 00 00 31 c0 e8 30 f4 b0 ff e8 b0 6e
0x000000010af4f094:   ed ff 31 c0 5d c3 66 0f 1f 44 00 00 55 48 89 e5
0x000000010af4f0a4:   e8 67 fc ff ff 48 89 c7 e8 6f fc ff ff ff c8 83
0x000000010af4f0b4:   f8 03 73 0f 48 98 48 8d 0d cf 5f 1f 00 48 8b 04
0x000000010af4f0c4:   c1 5d c3 48 8d 3d c1 cc 05 00 48 8d 15 c1 cd 05
0x000000010af4f0d4:   00 be ef 00 00 00 31 c0 e8 e0 f3 b0 ff e8 60 6e
0x000000010af4f0e4:   ed ff 31 c0 5d c3 66 0f 1f 44 00 00 55 48 89 e5
0x000000010af4f0f4:   5d e9 26 00 00 00 66 0f 1f 44 00 00 55 48 89 e5
0x000000010af4f104:   5d e9 86 00 00 00 66 0f 1f 44 00 00 55 48 89 e5
0x000000010af4f114:   5d e9 86 00 00 00 66 0f 1f 44 00 00 55 48 89 e5
0x000000010af4f124:   5d e9 06 00 00 00 66 0f 1f 44 00 00 55 48 89 e5
0x000000010af4f134:   e8 17 00 00 00 48 89 c7 5d e9 1e 00 00 00 66 66
0x000000010af4f144:   66 66 66 2e 0f 1f 84 00 00 00 00 00 55 48 89 e5
0x000000010af4f154:   5d e9 16 00 00 00 66 0f 1f 44 00 00 55 48 89 e5
0x000000010af4f164:   5d e9 16 00 00 00 66 0f 1f 44 00 00 55 48 89 e5
0x000000010af4f174:   48 8b 07 5d c3 0f 1f 80 00 00 00 00 55 48 89 e5
0x000000010af4f184:   48 89 f8 5d c3 0f 1f 80 00 00 00 00 55 48 89 e5
0x000000010af4f194:   5d e9 96 ff ff ff 66 0f 1f 44 00 00 55 48 89 e5
0x000000010af4f1a4:   53 50 e8 25 00 00 00 48 89 c3 bf 74 c0 10 00 48
0x000000010af4f1b4:   89 de e8 75 fc ff ff 48 89 d8 48 83 c4 08 5b 5d
0x000000010af4f1c4:   c3 66 66 2e 0f 1f 84 00 00 00 00 00 55 48 89 e5
0x000000010af4f1d4:   5d e9 56 ff ff ff 66 0f 1f 44 00 00 55 48 89 e5
0x000000010af4f1e4:   5d e9 26 00 00 00 66 0f 1f 44 00 00 55 48 89 e5
0x000000010af4f1f4:   5d e9 86 00 00 00 66 0f 1f 44 00 00 55 48 89 e5
0x000000010af4f204:   5d e9 86 00 00 00 66 0f 1f 44 00 00 55 48 89 e5
0x000000010af4f214:   5d e9 06 00 00 00 66 0f 1f 44 00 00 55 48 89 e5
0x000000010af4f224:   e8 17 00 00 00 48 89 c7 5d e9 1e 00 00 00 66 66
0x000000010af4f234:   66 66 66 2e 0f 1f 84 00 00 00 00 00 55 48 89 e5
0x000000010af4f244:   5d e9 16 00 00 00 66 0f 1f 44 00 00 55 48 89 e5
0x000000010af4f254:   5d e9 16 00 00 00 66 0f 1f 44 00 00 55 48 89 e5
0x000000010af4f264:   48 8b 07 5d c3 0f 1f 80 00 00 00 00 55 48 89 e5 


Stack slot to memory mapping:
stack at sp + 0 slots: 0x0000000109fd8d00 is pointing into the stack for thread: 0x00007fe66200c800
stack at sp + 1 slots: 0x000000010af4f139: _ZN16RawAccessBarrierILy1097844EE8oop_loadIP7oopDescEET_Pv+0x9 in /Library/Java/JavaVirtualMachines/jdk-13.0.1.jdk/Contents/Home/lib/server/libjvm.dylib at 0x000000010a800000
stack at sp + 2 slots: 0x0000000109fd8d20 is pointing into the stack for thread: 0x00007fe66200c800
stack at sp + 3 slots: 0x000000010af4f1ab: _ZN12G1BarrierSet13AccessBarrierILy1097844ES_E20oop_load_not_in_heapIP7oopDescEES4_PT_+0xb in /Library/Java/JavaVirtualMachines/jdk-13.0.1.jdk/Contents/Home/lib/server/libjvm.dylib at 0x000000010a800000
stack at sp + 4 slots: 0x0 is NULL
stack at sp + 5 slots: 0x00007fe66200cb10 points into unknown readable memory: e0 1d 15 0b 01 00 00 00
stack at sp + 6 slots: 0x0000000109fd8dc0 is pointing into the stack for thread: 0x00007fe66200c800
stack at sp + 7 slots: 0x000000010abe2b49: jni_GetStringUTFChars+0xde in /Library/Java/JavaVirtualMachines/jdk-13.0.1.jdk/Contents/Home/lib/server/libjvm.dylib at 0x000000010a800000


---------------  P R O C E S S  ---------------

Threads class SMR info:
_java_thread_list=0x00007fe66172d470, length=9, elements={
0x00007fe66200c800, 0x00007fe66185b800, 0x00007fe661808800, 0x00007fe663027000,
0x00007fe662001800, 0x00007fe662062800, 0x00007fe662063000, 0x00007fe662806800,
0x00007fe663013800
}

Java Threads: ( => current thread )
=>0x00007fe66200c800 JavaThread "main" [_thread_in_vm, id=8707, stack(0x0000000109ed9000,0x0000000109fd9000)]
  0x00007fe66185b800 JavaThread "Reference Handler" daemon [_thread_blocked, id=17923, stack(0x0000700003403000,0x0000700003503000)]
  0x00007fe661808800 JavaThread "Finalizer" daemon [_thread_blocked, id=18691, stack(0x0000700003506000,0x0000700003606000)]
  0x00007fe663027000 JavaThread "Signal Dispatcher" daemon [_thread_blocked, id=22535, stack(0x0000700003609000,0x0000700003709000)]
  0x00007fe662001800 JavaThread "C2 CompilerThread0" daemon [_thread_blocked, id=23299, stack(0x000070000370c000,0x000070000380c000)]
  0x00007fe662062800 JavaThread "C1 CompilerThread0" daemon [_thread_blocked, id=24067, stack(0x000070000380f000,0x000070000390f000)]
  0x00007fe662063000 JavaThread "Sweeper thread" daemon [_thread_blocked, id=24835, stack(0x0000700003912000,0x0000700003a12000)]
  0x00007fe662806800 JavaThread "Service Thread" daemon [_thread_blocked, id=25603, stack(0x0000700003a15000,0x0000700003b15000)]
  0x00007fe663013800 JavaThread "Common-Cleaner" daemon [_thread_blocked, id=26883, stack(0x0000700003c1b000,0x0000700003d1b000)]

Other Threads:
  0x00007fe662057800 VMThread "VM Thread" [stack: 0x0000700003300000,0x0000700003400000] [id=16899]
  0x00007fe662811800 WatcherThread [stack: 0x0000700003b18000,0x0000700003c18000] [id=26115]
  0x00007fe661838800 GCTaskThread "GC Thread#0" [stack: 0x0000700002df1000,0x0000700002ef1000] [id=12547]
  0x00007fe66184a000 ConcurrentGCThread "G1 Main Marker" [stack: 0x0000700002ef4000,0x0000700002ff4000] [id=13059]
  0x00007fe66184a800 ConcurrentGCThread "G1 Conc#0" [stack: 0x0000700002ff7000,0x00007000030f7000] [id=14083]
  0x00007fe662055000 ConcurrentGCThread "G1 Refine#0" [stack: 0x00007000030fa000,0x00007000031fa000] [id=14595]
  0x00007fe663004800 ConcurrentGCThread "G1 Young RemSet Sampling" [stack: 0x00007000031fd000,0x00007000032fd000] [id=15107]

Threads with active compile tasks:

VM state:not at safepoint (normal execution)

VM Mutex/Monitor currently owned by a thread: None

Heap address: 0x0000000780000000, size: 2048 MB, Compressed Oops mode: Zero based, Oop shift amount: 3
Narrow klass base: 0x0000000800000000, Narrow klass shift: 3
Compressed class space size: 1073741824 Address: 0x0000000800ae0000

Heap:
 garbage-first heap   total 133120K, used 2808K [0x0000000780000000, 0x0000000800000000)
  region size 1024K, 3 young (3072K), 0 survivors (0K)
 Metaspace       used 646K, capacity 4928K, committed 5120K, reserved 1056768K
  class space    used 49K, capacity 428K, committed 512K, reserved 1048576K
Heap Regions: E=young(eden), S=young(survivor), O=old, HS=humongous(starts), HC=humongous(continues), CS=collection set, F=free, A=archive, TAMS=top-at-mark-start (previous, next)
|   0|0x0000000780000000, 0x0000000780000000, 0x0000000780100000|  0%| F|  |TAMS 0x0000000780000000, 0x0000000780000000| Untracked 
|   1|0x0000000780100000, 0x0000000780100000, 0x0000000780200000|  0%| F|  |TAMS 0x0000000780100000, 0x0000000780100000| Untracked 
|   2|0x0000000780200000, 0x0000000780200000, 0x0000000780300000|  0%| F|  |TAMS 0x0000000780200000, 0x0000000780200000| Untracked 
|   3|0x0000000780300000, 0x0000000780300000, 0x0000000780400000|  0%| F|  |TAMS 0x0000000780300000, 0x0000000780300000| Untracked 
|   4|0x0000000780400000, 0x0000000780400000, 0x0000000780500000|  0%| F|  |TAMS 0x0000000780400000, 0x0000000780400000| Untracked 
|   5|0x0000000780500000, 0x0000000780500000, 0x0000000780600000|  0%| F|  |TAMS 0x0000000780500000, 0x0000000780500000| Untracked 
|   6|0x0000000780600000, 0x0000000780600000, 0x0000000780700000|  0%| F|  |TAMS 0x0000000780600000, 0x0000000780600000| Untracked 
|   7|0x0000000780700000, 0x0000000780700000, 0x0000000780800000|  0%| F|  |TAMS 0x0000000780700000, 0x0000000780700000| Untracked 
|   8|0x0000000780800000, 0x0000000780800000, 0x0000000780900000|  0%| F|  |TAMS 0x0000000780800000, 0x0000000780800000| Untracked 
|   9|0x0000000780900000, 0x0000000780900000, 0x0000000780a00000|  0%| F|  |TAMS 0x0000000780900000, 0x0000000780900000| Untracked 
|  10|0x0000000780a00000, 0x0000000780a00000, 0x0000000780b00000|  0%| F|  |TAMS 0x0000000780a00000, 0x0000000780a00000| Untracked 
|  11|0x0000000780b00000, 0x0000000780b00000, 0x0000000780c00000|  0%| F|  |TAMS 0x0000000780b00000, 0x0000000780b00000| Untracked 
|  12|0x0000000780c00000, 0x0000000780c00000, 0x0000000780d00000|  0%| F|  |TAMS 0x0000000780c00000, 0x0000000780c00000| Untracked 
|  13|0x0000000780d00000, 0x0000000780d00000, 0x0000000780e00000|  0%| F|  |TAMS 0x0000000780d00000, 0x0000000780d00000| Untracked 
|  14|0x0000000780e00000, 0x0000000780e00000, 0x0000000780f00000|  0%| F|  |TAMS 0x0000000780e00000, 0x0000000780e00000| Untracked 
|  15|0x0000000780f00000, 0x0000000780f00000, 0x0000000781000000|  0%| F|  |TAMS 0x0000000780f00000, 0x0000000780f00000| Untracked 
|  16|0x0000000781000000, 0x0000000781000000, 0x0000000781100000|  0%| F|  |TAMS 0x0000000781000000, 0x0000000781000000| Untracked 
|  17|0x0000000781100000, 0x0000000781100000, 0x0000000781200000|  0%| F|  |TAMS 0x0000000781100000, 0x0000000781100000| Untracked 
|  18|0x0000000781200000, 0x0000000781200000, 0x0000000781300000|  0%| F|  |TAMS 0x0000000781200000, 0x0000000781200000| Untracked 
|  19|0x0000000781300000, 0x0000000781300000, 0x0000000781400000|  0%| F|  |TAMS 0x0000000781300000, 0x0000000781300000| Untracked 
|  20|0x0000000781400000, 0x0000000781400000, 0x0000000781500000|  0%| F|  |TAMS 0x0000000781400000, 0x0000000781400000| Untracked 
|  21|0x0000000781500000, 0x0000000781500000, 0x0000000781600000|  0%| F|  |TAMS 0x0000000781500000, 0x0000000781500000| Untracked 
|  22|0x0000000781600000, 0x0000000781600000, 0x0000000781700000|  0%| F|  |TAMS 0x0000000781600000, 0x0000000781600000| Untracked 
|  23|0x0000000781700000, 0x0000000781700000, 0x0000000781800000|  0%| F|  |TAMS 0x0000000781700000, 0x0000000781700000| Untracked 
|  24|0x0000000781800000, 0x0000000781800000, 0x0000000781900000|  0%| F|  |TAMS 0x0000000781800000, 0x0000000781800000| Untracked 
|  25|0x0000000781900000, 0x0000000781900000, 0x0000000781a00000|  0%| F|  |TAMS 0x0000000781900000, 0x0000000781900000| Untracked 
|  26|0x0000000781a00000, 0x0000000781a00000, 0x0000000781b00000|  0%| F|  |TAMS 0x0000000781a00000, 0x0000000781a00000| Untracked 
|  27|0x0000000781b00000, 0x0000000781b00000, 0x0000000781c00000|  0%| F|  |TAMS 0x0000000781b00000, 0x0000000781b00000| Untracked 
|  28|0x0000000781c00000, 0x0000000781c00000, 0x0000000781d00000|  0%| F|  |TAMS 0x0000000781c00000, 0x0000000781c00000| Untracked 
|  29|0x0000000781d00000, 0x0000000781d00000, 0x0000000781e00000|  0%| F|  |TAMS 0x0000000781d00000, 0x0000000781d00000| Untracked 
|  30|0x0000000781e00000, 0x0000000781e00000, 0x0000000781f00000|  0%| F|  |TAMS 0x0000000781e00000, 0x0000000781e00000| Untracked 
|  31|0x0000000781f00000, 0x0000000781f00000, 0x0000000782000000|  0%| F|  |TAMS 0x0000000781f00000, 0x0000000781f00000| Untracked 
|  32|0x0000000782000000, 0x0000000782000000, 0x0000000782100000|  0%| F|  |TAMS 0x0000000782000000, 0x0000000782000000| Untracked 
|  33|0x0000000782100000, 0x0000000782100000, 0x0000000782200000|  0%| F|  |TAMS 0x0000000782100000, 0x0000000782100000| Untracked 
|  34|0x0000000782200000, 0x0000000782200000, 0x0000000782300000|  0%| F|  |TAMS 0x0000000782200000, 0x0000000782200000| Untracked 
|  35|0x0000000782300000, 0x0000000782300000, 0x0000000782400000|  0%| F|  |TAMS 0x0000000782300000, 0x0000000782300000| Untracked 
|  36|0x0000000782400000, 0x0000000782400000, 0x0000000782500000|  0%| F|  |TAMS 0x0000000782400000, 0x0000000782400000| Untracked 
|  37|0x0000000782500000, 0x0000000782500000, 0x0000000782600000|  0%| F|  |TAMS 0x0000000782500000, 0x0000000782500000| Untracked 
|  38|0x0000000782600000, 0x0000000782600000, 0x0000000782700000|  0%| F|  |TAMS 0x0000000782600000, 0x0000000782600000| Untracked 
|  39|0x0000000782700000, 0x0000000782700000, 0x0000000782800000|  0%| F|  |TAMS 0x0000000782700000, 0x0000000782700000| Untracked 
|  40|0x0000000782800000, 0x0000000782800000, 0x0000000782900000|  0%| F|  |TAMS 0x0000000782800000, 0x0000000782800000| Untracked 
|  41|0x0000000782900000, 0x0000000782900000, 0x0000000782a00000|  0%| F|  |TAMS 0x0000000782900000, 0x0000000782900000| Untracked 
|  42|0x0000000782a00000, 0x0000000782a00000, 0x0000000782b00000|  0%| F|  |TAMS 0x0000000782a00000, 0x0000000782a00000| Untracked 
|  43|0x0000000782b00000, 0x0000000782b00000, 0x0000000782c00000|  0%| F|  |TAMS 0x0000000782b00000, 0x0000000782b00000| Untracked 
|  44|0x0000000782c00000, 0x0000000782c00000, 0x0000000782d00000|  0%| F|  |TAMS 0x0000000782c00000, 0x0000000782c00000| Untracked 
|  45|0x0000000782d00000, 0x0000000782d00000, 0x0000000782e00000|  0%| F|  |TAMS 0x0000000782d00000, 0x0000000782d00000| Untracked 
|  46|0x0000000782e00000, 0x0000000782e00000, 0x0000000782f00000|  0%| F|  |TAMS 0x0000000782e00000, 0x0000000782e00000| Untracked 
|  47|0x0000000782f00000, 0x0000000782f00000, 0x0000000783000000|  0%| F|  |TAMS 0x0000000782f00000, 0x0000000782f00000| Untracked 
|  48|0x0000000783000000, 0x0000000783000000, 0x0000000783100000|  0%| F|  |TAMS 0x0000000783000000, 0x0000000783000000| Untracked 
|  49|0x0000000783100000, 0x0000000783100000, 0x0000000783200000|  0%| F|  |TAMS 0x0000000783100000, 0x0000000783100000| Untracked 
|  50|0x0000000783200000, 0x0000000783200000, 0x0000000783300000|  0%| F|  |TAMS 0x0000000783200000, 0x0000000783200000| Untracked 
|  51|0x0000000783300000, 0x0000000783300000, 0x0000000783400000|  0%| F|  |TAMS 0x0000000783300000, 0x0000000783300000| Untracked 
|  52|0x0000000783400000, 0x0000000783400000, 0x0000000783500000|  0%| F|  |TAMS 0x0000000783400000, 0x0000000783400000| Untracked 
|  53|0x0000000783500000, 0x0000000783500000, 0x0000000783600000|  0%| F|  |TAMS 0x0000000783500000, 0x0000000783500000| Untracked 
|  54|0x0000000783600000, 0x0000000783600000, 0x0000000783700000|  0%| F|  |TAMS 0x0000000783600000, 0x0000000783600000| Untracked 
|  55|0x0000000783700000, 0x0000000783700000, 0x0000000783800000|  0%| F|  |TAMS 0x0000000783700000, 0x0000000783700000| Untracked 
|  56|0x0000000783800000, 0x0000000783800000, 0x0000000783900000|  0%| F|  |TAMS 0x0000000783800000, 0x0000000783800000| Untracked 
|  57|0x0000000783900000, 0x0000000783900000, 0x0000000783a00000|  0%| F|  |TAMS 0x0000000783900000, 0x0000000783900000| Untracked 
|  58|0x0000000783a00000, 0x0000000783a00000, 0x0000000783b00000|  0%| F|  |TAMS 0x0000000783a00000, 0x0000000783a00000| Untracked 
|  59|0x0000000783b00000, 0x0000000783b00000, 0x0000000783c00000|  0%| F|  |TAMS 0x0000000783b00000, 0x0000000783b00000| Untracked 
|  60|0x0000000783c00000, 0x0000000783c00000, 0x0000000783d00000|  0%| F|  |TAMS 0x0000000783c00000, 0x0000000783c00000| Untracked 
|  61|0x0000000783d00000, 0x0000000783d00000, 0x0000000783e00000|  0%| F|  |TAMS 0x0000000783d00000, 0x0000000783d00000| Untracked 
|  62|0x0000000783e00000, 0x0000000783e00000, 0x0000000783f00000|  0%| F|  |TAMS 0x0000000783e00000, 0x0000000783e00000| Untracked 
|  63|0x0000000783f00000, 0x0000000783f00000, 0x0000000784000000|  0%| F|  |TAMS 0x0000000783f00000, 0x0000000783f00000| Untracked 
|  64|0x0000000784000000, 0x0000000784000000, 0x0000000784100000|  0%| F|  |TAMS 0x0000000784000000, 0x0000000784000000| Untracked 
|  65|0x0000000784100000, 0x0000000784100000, 0x0000000784200000|  0%| F|  |TAMS 0x0000000784100000, 0x0000000784100000| Untracked 
|  66|0x0000000784200000, 0x0000000784200000, 0x0000000784300000|  0%| F|  |TAMS 0x0000000784200000, 0x0000000784200000| Untracked 
|  67|0x0000000784300000, 0x0000000784300000, 0x0000000784400000|  0%| F|  |TAMS 0x0000000784300000, 0x0000000784300000| Untracked 
|  68|0x0000000784400000, 0x0000000784400000, 0x0000000784500000|  0%| F|  |TAMS 0x0000000784400000, 0x0000000784400000| Untracked 
|  69|0x0000000784500000, 0x0000000784500000, 0x0000000784600000|  0%| F|  |TAMS 0x0000000784500000, 0x0000000784500000| Untracked 
|  70|0x0000000784600000, 0x0000000784600000, 0x0000000784700000|  0%| F|  |TAMS 0x0000000784600000, 0x0000000784600000| Untracked 
|  71|0x0000000784700000, 0x0000000784700000, 0x0000000784800000|  0%| F|  |TAMS 0x0000000784700000, 0x0000000784700000| Untracked 
|  72|0x0000000784800000, 0x0000000784800000, 0x0000000784900000|  0%| F|  |TAMS 0x0000000784800000, 0x0000000784800000| Untracked 
|  73|0x0000000784900000, 0x0000000784900000, 0x0000000784a00000|  0%| F|  |TAMS 0x0000000784900000, 0x0000000784900000| Untracked 
|  74|0x0000000784a00000, 0x0000000784a00000, 0x0000000784b00000|  0%| F|  |TAMS 0x0000000784a00000, 0x0000000784a00000| Untracked 
|  75|0x0000000784b00000, 0x0000000784b00000, 0x0000000784c00000|  0%| F|  |TAMS 0x0000000784b00000, 0x0000000784b00000| Untracked 
|  76|0x0000000784c00000, 0x0000000784c00000, 0x0000000784d00000|  0%| F|  |TAMS 0x0000000784c00000, 0x0000000784c00000| Untracked 
|  77|0x0000000784d00000, 0x0000000784d00000, 0x0000000784e00000|  0%| F|  |TAMS 0x0000000784d00000, 0x0000000784d00000| Untracked 
|  78|0x0000000784e00000, 0x0000000784e00000, 0x0000000784f00000|  0%| F|  |TAMS 0x0000000784e00000, 0x0000000784e00000| Untracked 
|  79|0x0000000784f00000, 0x0000000784f00000, 0x0000000785000000|  0%| F|  |TAMS 0x0000000784f00000, 0x0000000784f00000| Untracked 
|  80|0x0000000785000000, 0x0000000785000000, 0x0000000785100000|  0%| F|  |TAMS 0x0000000785000000, 0x0000000785000000| Untracked 
|  81|0x0000000785100000, 0x0000000785100000, 0x0000000785200000|  0%| F|  |TAMS 0x0000000785100000, 0x0000000785100000| Untracked 
|  82|0x0000000785200000, 0x0000000785200000, 0x0000000785300000|  0%| F|  |TAMS 0x0000000785200000, 0x0000000785200000| Untracked 
|  83|0x0000000785300000, 0x0000000785300000, 0x0000000785400000|  0%| F|  |TAMS 0x0000000785300000, 0x0000000785300000| Untracked 
|  84|0x0000000785400000, 0x0000000785400000, 0x0000000785500000|  0%| F|  |TAMS 0x0000000785400000, 0x0000000785400000| Untracked 
|  85|0x0000000785500000, 0x0000000785500000, 0x0000000785600000|  0%| F|  |TAMS 0x0000000785500000, 0x0000000785500000| Untracked 
|  86|0x0000000785600000, 0x0000000785600000, 0x0000000785700000|  0%| F|  |TAMS 0x0000000785600000, 0x0000000785600000| Untracked 
|  87|0x0000000785700000, 0x0000000785700000, 0x0000000785800000|  0%| F|  |TAMS 0x0000000785700000, 0x0000000785700000| Untracked 
|  88|0x0000000785800000, 0x0000000785800000, 0x0000000785900000|  0%| F|  |TAMS 0x0000000785800000, 0x0000000785800000| Untracked 
|  89|0x0000000785900000, 0x0000000785900000, 0x0000000785a00000|  0%| F|  |TAMS 0x0000000785900000, 0x0000000785900000| Untracked 
|  90|0x0000000785a00000, 0x0000000785a00000, 0x0000000785b00000|  0%| F|  |TAMS 0x0000000785a00000, 0x0000000785a00000| Untracked 
|  91|0x0000000785b00000, 0x0000000785b00000, 0x0000000785c00000|  0%| F|  |TAMS 0x0000000785b00000, 0x0000000785b00000| Untracked 
|  92|0x0000000785c00000, 0x0000000785c00000, 0x0000000785d00000|  0%| F|  |TAMS 0x0000000785c00000, 0x0000000785c00000| Untracked 
|  93|0x0000000785d00000, 0x0000000785d00000, 0x0000000785e00000|  0%| F|  |TAMS 0x0000000785d00000, 0x0000000785d00000| Untracked 
|  94|0x0000000785e00000, 0x0000000785e00000, 0x0000000785f00000|  0%| F|  |TAMS 0x0000000785e00000, 0x0000000785e00000| Untracked 
|  95|0x0000000785f00000, 0x0000000785f00000, 0x0000000786000000|  0%| F|  |TAMS 0x0000000785f00000, 0x0000000785f00000| Untracked 
|  96|0x0000000786000000, 0x0000000786000000, 0x0000000786100000|  0%| F|  |TAMS 0x0000000786000000, 0x0000000786000000| Untracked 
|  97|0x0000000786100000, 0x0000000786100000, 0x0000000786200000|  0%| F|  |TAMS 0x0000000786100000, 0x0000000786100000| Untracked 
|  98|0x0000000786200000, 0x0000000786200000, 0x0000000786300000|  0%| F|  |TAMS 0x0000000786200000, 0x0000000786200000| Untracked 
|  99|0x0000000786300000, 0x0000000786300000, 0x0000000786400000|  0%| F|  |TAMS 0x0000000786300000, 0x0000000786300000| Untracked 
| 100|0x0000000786400000, 0x0000000786400000, 0x0000000786500000|  0%| F|  |TAMS 0x0000000786400000, 0x0000000786400000| Untracked 
| 101|0x0000000786500000, 0x0000000786500000, 0x0000000786600000|  0%| F|  |TAMS 0x0000000786500000, 0x0000000786500000| Untracked 
| 102|0x0000000786600000, 0x0000000786600000, 0x0000000786700000|  0%| F|  |TAMS 0x0000000786600000, 0x0000000786600000| Untracked 
| 103|0x0000000786700000, 0x0000000786700000, 0x0000000786800000|  0%| F|  |TAMS 0x0000000786700000, 0x0000000786700000| Untracked 
| 104|0x0000000786800000, 0x0000000786800000, 0x0000000786900000|  0%| F|  |TAMS 0x0000000786800000, 0x0000000786800000| Untracked 
| 105|0x0000000786900000, 0x0000000786900000, 0x0000000786a00000|  0%| F|  |TAMS 0x0000000786900000, 0x0000000786900000| Untracked 
| 106|0x0000000786a00000, 0x0000000786a00000, 0x0000000786b00000|  0%| F|  |TAMS 0x0000000786a00000, 0x0000000786a00000| Untracked 
| 107|0x0000000786b00000, 0x0000000786b00000, 0x0000000786c00000|  0%| F|  |TAMS 0x0000000786b00000, 0x0000000786b00000| Untracked 
| 108|0x0000000786c00000, 0x0000000786c00000, 0x0000000786d00000|  0%| F|  |TAMS 0x0000000786c00000, 0x0000000786c00000| Untracked 
| 109|0x0000000786d00000, 0x0000000786d00000, 0x0000000786e00000|  0%| F|  |TAMS 0x0000000786d00000, 0x0000000786d00000| Untracked 
| 110|0x0000000786e00000, 0x0000000786e00000, 0x0000000786f00000|  0%| F|  |TAMS 0x0000000786e00000, 0x0000000786e00000| Untracked 
| 111|0x0000000786f00000, 0x0000000786f00000, 0x0000000787000000|  0%| F|  |TAMS 0x0000000786f00000, 0x0000000786f00000| Untracked 
| 112|0x0000000787000000, 0x0000000787000000, 0x0000000787100000|  0%| F|  |TAMS 0x0000000787000000, 0x0000000787000000| Untracked 
| 113|0x0000000787100000, 0x0000000787100000, 0x0000000787200000|  0%| F|  |TAMS 0x0000000787100000, 0x0000000787100000| Untracked 
| 114|0x0000000787200000, 0x0000000787200000, 0x0000000787300000|  0%| F|  |TAMS 0x0000000787200000, 0x0000000787200000| Untracked 
| 115|0x0000000787300000, 0x0000000787300000, 0x0000000787400000|  0%| F|  |TAMS 0x0000000787300000, 0x0000000787300000| Untracked 
| 116|0x0000000787400000, 0x0000000787400000, 0x0000000787500000|  0%| F|  |TAMS 0x0000000787400000, 0x0000000787400000| Untracked 
| 117|0x0000000787500000, 0x0000000787500000, 0x0000000787600000|  0%| F|  |TAMS 0x0000000787500000, 0x0000000787500000| Untracked 
| 118|0x0000000787600000, 0x0000000787600000, 0x0000000787700000|  0%| F|  |TAMS 0x0000000787600000, 0x0000000787600000| Untracked 
| 119|0x0000000787700000, 0x0000000787700000, 0x0000000787800000|  0%| F|  |TAMS 0x0000000787700000, 0x0000000787700000| Untracked 
| 120|0x0000000787800000, 0x0000000787800000, 0x0000000787900000|  0%| F|  |TAMS 0x0000000787800000, 0x0000000787800000| Untracked 
| 121|0x0000000787900000, 0x0000000787900000, 0x0000000787a00000|  0%| F|  |TAMS 0x0000000787900000, 0x0000000787900000| Untracked 
| 122|0x0000000787a00000, 0x0000000787a00000, 0x0000000787b00000|  0%| F|  |TAMS 0x0000000787a00000, 0x0000000787a00000| Untracked 
| 123|0x0000000787b00000, 0x0000000787b00000, 0x0000000787c00000|  0%| F|  |TAMS 0x0000000787b00000, 0x0000000787b00000| Untracked 
| 124|0x0000000787c00000, 0x0000000787c00000, 0x0000000787d00000|  0%| F|  |TAMS 0x0000000787c00000, 0x0000000787c00000| Untracked 
| 125|0x0000000787d00000, 0x0000000787d09408, 0x0000000787e00000|  3%| E|  |TAMS 0x0000000787d00000, 0x0000000787d00000| Complete 
| 126|0x0000000787e00000, 0x0000000787f00000, 0x0000000787f00000|100%| E|CS|TAMS 0x0000000787e00000, 0x0000000787e00000| Complete 
| 127|0x0000000787f00000, 0x0000000788000000, 0x0000000788000000|100%| E|CS|TAMS 0x0000000787f00000, 0x0000000787f00000| Complete 
|1022|0x00000007bfe00000, 0x00000007bfe47000, 0x00000007bff00000| 27%|OA|  |TAMS 0x00000007bfe00000, 0x00000007bfe00000| Untracked 
|1023|0x00000007bff00000, 0x00000007bff77000, 0x00000007c0000000| 46%|CA|  |TAMS 0x00000007bff00000, 0x00000007bff00000| Untracked 

Card table byte_map: [0x00000001144cf000,0x00000001148cf000] _byte_map_base: 0x00000001108cf000

Marking Bits (Prev, Next): (CMBitMap*) 0x00007fe661839418, (CMBitMap*) 0x00007fe661839458
 Prev Bits: [0x0000000114ccf000, 0x0000000116ccf000)
 Next Bits: [0x0000000126980000, 0x0000000128980000)

Polling page: 0x0000000109fe8000

Metaspace:

Usage:
  Non-class:      4.39 MB capacity,   597.23 KB ( 13%) used,     3.81 MB ( 87%) free+waste,   768 bytes ( <1%) overhead. 
      Class:    428.00 KB capacity,    49.27 KB ( 12%) used,   378.23 KB ( 88%) free+waste,   512 bytes ( <1%) overhead. 
       Both:      4.81 MB capacity,   646.49 KB ( 13%) used,     4.18 MB ( 87%) free+waste,     1.25 KB ( <1%) overhead. 

Virtual space:
  Non-class space:        8.00 MB reserved,       4.50 MB ( 56%) committed 
      Class space:        1.00 GB reserved,     512.00 KB ( <1%) committed 
             Both:        1.01 GB reserved,       5.00 MB ( <1%) committed 

Chunk freelists:
   Non-Class:  44.00 KB
       Class:  20.00 KB
        Both:  64.00 KB

MaxMetaspaceSize: unlimited
CompressedClassSpaceSize: 1.00 GB

CodeHeap 'non-profiled nmethods': size=120032Kb used=29Kb max_used=29Kb free=120002Kb
 bounds [0x000000011f448000, 0x000000011f6b8000, 0x0000000126980000]
CodeHeap 'profiled nmethods': size=120032Kb used=207Kb max_used=207Kb free=119824Kb
 bounds [0x0000000117f10000, 0x0000000118180000, 0x000000011f448000]
CodeHeap 'non-nmethods': size=5696Kb used=1064Kb max_used=1077Kb free=4631Kb
 bounds [0x0000000117980000, 0x0000000117bf0000, 0x0000000117f10000]
 total_blobs=484 nmethods=141 adapters=195
 compilation: enabled
              stopped_count=0, restarted_count=0
 full_count=0

Compilation events (20 events):
Event: 0.169 Thread 0x00007fe662062800  130   !   3       java.util.jar.JarFile::checkForSpecialAttributes (163 bytes)
Event: 0.170 Thread 0x00007fe662062800 nmethod 130 0x0000000117f3c610 code [0x0000000117f3c920, 0x0000000117f3dd28]
Event: 0.172 Thread 0x00007fe662062800  131       3       java.lang.StringCoding::encodeUTF8 (132 bytes)
Event: 0.173 Thread 0x00007fe662062800 nmethod 131 0x0000000117f3e590 code [0x0000000117f3e7c0, 0x0000000117f3f248]
Event: 0.173 Thread 0x00007fe662062800  134       3       java.util.zip.ZipFile$Source::getEntryPos (208 bytes)
Event: 0.174 Thread 0x00007fe662062800 nmethod 134 0x0000000117f3f590 code [0x0000000117f3f800, 0x0000000117f40648]
Event: 0.174 Thread 0x00007fe662062800  132       3       java.util.zip.ZipCoder$UTF8::getBytes (10 bytes)
Event: 0.174 Thread 0x00007fe662062800 nmethod 132 0x0000000117f40c90 code [0x0000000117f40e60, 0x0000000117f41188]
Event: 0.174 Thread 0x00007fe662062800  133       3       java.lang.StringCoding::getBytesUTF8NoRepl (13 bytes)
Event: 0.174 Thread 0x00007fe662062800 nmethod 133 0x0000000117f41310 code [0x0000000117f414c0, 0x0000000117f416e8]
Event: 0.175 Thread 0x00007fe662001800  137 %     4       java.util.zip.ZipFile$Source::hashN @ 2 (26 bytes)
Event: 0.176 Thread 0x00007fe662062800  136   !   3       jdk.internal.loader.URLClassPath$JarLoader::ensureOpen (36 bytes)
Event: 0.179 Thread 0x00007fe662062800 nmethod 136 0x0000000117f41810 code [0x0000000117f41a80, 0x0000000117f42438]
Event: 0.179 Thread 0x00007fe662062800  135       3       java.lang.String::lastIndexOf (12 bytes)
Event: 0.183 Thread 0x00007fe662062800 nmethod 135 0x0000000117f42890 code [0x0000000117f42a80, 0x0000000117f42ef8]
Event: 0.183 Thread 0x00007fe662062800  139       3       java.lang.Character::toLowerCase (6 bytes)
Event: 0.183 Thread 0x00007fe662062800 nmethod 139 0x0000000117f43090 code [0x0000000117f43240, 0x0000000117f434f8]
Event: 0.183 Thread 0x00007fe662062800  138       1       java.util.jar.Attributes$Name::hashCode (5 bytes)
Event: 0.183 Thread 0x00007fe662062800 nmethod 138 0x000000011f44ed90 code [0x000000011f44ef20, 0x000000011f44f050]
Event: 0.187 Thread 0x00007fe662062800  141       3       java.lang.AbstractStringBuilder::<init> (39 bytes)

GC Heap History (0 events):
No events

Deoptimization events (0 events):
No events

Classes unloaded (0 events):
No events

Classes redefined (0 events):
No events

Internal exceptions (0 events):
No events

Events (20 events):
Event: 0.155 loading class org/apache/catalina/Context
Event: 0.155 loading class org/apache/catalina/Context done
Event: 0.156 loading class org/apache/tomcat/ContextBind
Event: 0.156 loading class org/apache/tomcat/ContextBind done
Event: 0.158 loading class org/apache/tomcat/util/descriptor/web/SecurityConstraint
Event: 0.158 loading class org/apache/tomcat/util/descriptor/web/SecurityConstraint done
Event: 0.168 loading class org/apache/tomcat/util/descriptor/web/XmlEncodingBase
Event: 0.168 loading class org/apache/tomcat/util/descriptor/web/XmlEncodingBase done
Event: 0.168 loading class org/apache/catalina/connector/Response
Event: 0.168 loading class org/apache/catalina/connector/Response done
Event: 0.172 loading class javax/servlet/http/HttpServletResponse
Event: 0.172 loading class javax/servlet/http/HttpServletResponse done
Event: 0.175 loading class javax/servlet/ServletResponse
Event: 0.175 loading class javax/servlet/ServletResponse done
Event: 0.178 loading class org/apache/catalina/Wrapper
Event: 0.178 loading class org/apache/catalina/Wrapper done
Event: 0.182 loading class org/apache/catalina/startup/Tomcat
Event: 0.182 loading class org/apache/catalina/startup/Tomcat done
Event: 0.185 loading class java/lang/Class$EnclosingMethodInfo
Event: 0.185 loading class java/lang/Class$EnclosingMethodInfo done


Dynamic libraries:
0x00007fffc4cf0000 	/usr/lib/libz.1.dylib
0x0000000109e69000 	/Library/Java/JavaVirtualMachines/jdk-13.0.1.jdk/Contents/Home/lib/libjli.dylib
0x00007fffaefcd000 	/System/Library/Frameworks/Cocoa.framework/Versions/A/Cocoa
0x00007fffb5873000 	/System/Library/Frameworks/Security.framework/Versions/A/Security
0x00007fffade84000 	/System/Library/Frameworks/ApplicationServices.framework/Versions/A/ApplicationServices
0x00007fffc37ef000 	/usr/lib/libSystem.B.dylib
0x00007fffc4d10000 	/usr/lib/system/libcache.dylib
0x00007fffc4d15000 	/usr/lib/system/libcommonCrypto.dylib
0x00007fffc4d20000 	/usr/lib/system/libcompiler_rt.dylib
0x00007fffc4d28000 	/usr/lib/system/libcopyfile.dylib
0x00007fffc4d31000 	/usr/lib/system/libcorecrypto.dylib
0x00007fffc4db5000 	/usr/lib/system/libdispatch.dylib
0x00007fffc4de7000 	/usr/lib/system/libdyld.dylib
0x00007fffc4ded000 	/usr/lib/system/libkeymgr.dylib
0x00007fffc4dfb000 	/usr/lib/system/liblaunch.dylib
0x00007fffc4dfc000 	/usr/lib/system/libmacho.dylib
0x00007fffc4e02000 	/usr/lib/system/libquarantine.dylib
0x00007fffc4e05000 	/usr/lib/system/libremovefile.dylib
0x00007fffc4e07000 	/usr/lib/system/libsystem_asl.dylib
0x00007fffc4e20000 	/usr/lib/system/libsystem_blocks.dylib
0x00007fffc4e21000 	/usr/lib/system/libsystem_c.dylib
0x00007fffc4eaf000 	/usr/lib/system/libsystem_configuration.dylib
0x00007fffc4eb3000 	/usr/lib/system/libsystem_coreservices.dylib
0x00007fffc4eb7000 	/usr/lib/system/libsystem_coretls.dylib
0x00007fffc4ed0000 	/usr/lib/system/libsystem_dnssd.dylib
0x00007fffc4ed7000 	/usr/lib/system/libsystem_info.dylib
0x00007fffc4f01000 	/usr/lib/system/libsystem_kernel.dylib
0x00007fffc4f24000 	/usr/lib/system/libsystem_m.dylib
0x00007fffc4f6c000 	/usr/lib/system/libsystem_malloc.dylib
0x00007fffc4f8b000 	/usr/lib/system/libsystem_network.dylib
0x00007fffc4fe5000 	/usr/lib/system/libsystem_networkextension.dylib
0x00007fffc4fef000 	/usr/lib/system/libsystem_notify.dylib
0x00007fffc4ff9000 	/usr/lib/system/libsystem_platform.dylib
0x00007fffc5002000 	/usr/lib/system/libsystem_pthread.dylib
0x00007fffc500d000 	/usr/lib/system/libsystem_sandbox.dylib
0x00007fffc5011000 	/usr/lib/system/libsystem_secinit.dylib
0x00007fffc5013000 	/usr/lib/system/libsystem_symptoms.dylib
0x00007fffc501b000 	/usr/lib/system/libsystem_trace.dylib
0x00007fffc502f000 	/usr/lib/system/libunwind.dylib
0x00007fffc5035000 	/usr/lib/system/libxpc.dylib
0x00007fffc449d000 	/usr/lib/libobjc.A.dylib
0x00007fffc3980000 	/usr/lib/libc++abi.dylib
0x00007fffc3929000 	/usr/lib/libc++.1.dylib
0x00007fffaf563000 	/System/Library/Frameworks/CoreFoundation.framework/Versions/A/CoreFoundation
0x00007fffb0fdb000 	/System/Library/Frameworks/Foundation.framework/Versions/C/Foundation
0x00007fffad099000 	/System/Library/Frameworks/AppKit.framework/Versions/C/AppKit
0x00007fffaf1b9000 	/System/Library/Frameworks/CoreData.framework/Versions/A/CoreData
0x00007fffc0274000 	/System/Library/PrivateFrameworks/RemoteViewServices.framework/Versions/A/RemoteViewServices
0x00007fffc225f000 	/System/Library/PrivateFrameworks/UIFoundation.framework/Versions/A/UIFoundation
0x00007fffbb601000 	/System/Library/PrivateFrameworks/DFRFoundation.framework/Versions/A/DFRFoundation
0x00007fffc3de0000 	/usr/lib/libenergytrace.dylib
0x00007fffc10a1000 	/System/Library/PrivateFrameworks/SkyLight.framework/Versions/A/SkyLight
0x00007fffaf9fd000 	/System/Library/Frameworks/CoreGraphics.framework/Versions/A/CoreGraphics
0x00007fffc37ea000 	/usr/lib/libScreenReader.dylib
0x00007fffac0bb000 	/System/Library/Frameworks/Accelerate.framework/Versions/A/Accelerate
0x00007fffb15d9000 	/System/Library/Frameworks/IOSurface.framework/Versions/A/IOSurface
0x00007fffae3a8000 	/System/Library/Frameworks/AudioToolbox.framework/Versions/A/AudioToolbox
0x00007fffae5b5000 	/System/Library/Frameworks/AudioUnit.framework/Versions/A/AudioUnit
0x00007fffbb646000 	/System/Library/PrivateFrameworks/DataDetectorsCore.framework/Versions/A/DataDetectorsCore
0x00007fffbb737000 	/System/Library/PrivateFrameworks/DesktopServicesPriv.framework/Versions/A/DesktopServicesPriv
0x00007fffaeb1a000 	/System/Library/Frameworks/Carbon.framework/Versions/A/Frameworks/HIToolbox.framework/Versions/A/HIToolbox
0x00007fffc3ee9000 	/usr/lib/libicucore.A.dylib
0x00007fffb5108000 	/System/Library/Frameworks/QuartzCore.framework/Versions/A/QuartzCore
0x00007fffaeee6000 	/System/Library/Frameworks/Carbon.framework/Versions/A/Frameworks/SpeechRecognition.framework/Versions/A/SpeechRecognition
0x00007fffc3908000 	/usr/lib/libauto.dylib
0x00007fffc4bd6000 	/usr/lib/libxml2.2.dylib
0x00007fffbb2bb000 	/System/Library/PrivateFrameworks/CoreUI.framework/Versions/A/CoreUI
0x00007fffaf117000 	/System/Library/Frameworks/CoreAudio.framework/Versions/A/CoreAudio
0x00007fffb0e44000 	/System/Library/Frameworks/DiskArbitration.framework/Versions/A/DiskArbitration
0x00007fffc4114000 	/usr/lib/liblangid.dylib
0x00007fffbf15b000 	/System/Library/PrivateFrameworks/MultitouchSupport.framework/Versions/A/MultitouchSupport
0x00007fffb1542000 	/System/Library/Frameworks/IOKit.framework/Versions/A/IOKit
0x00007fffc35b0000 	/usr/lib/libDiagnosticMessagesClient.dylib
0x00007fffb0428000 	/System/Library/Frameworks/CoreServices.framework/Versions/A/CoreServices
0x00007fffbfb18000 	/System/Library/PrivateFrameworks/PerformanceAnalysis.framework/Versions/A/PerformanceAnalysis
0x00007fffbd589000 	/System/Library/PrivateFrameworks/GenerationalStorage.framework/Versions/A/GenerationalStorage
0x00007fffb45a8000 	/System/Library/Frameworks/OpenGL.framework/Versions/A/OpenGL
0x00007fffb0080000 	/System/Library/Frameworks/CoreImage.framework/Versions/A/CoreImage
0x00007fffb0b51000 	/System/Library/Frameworks/CoreText.framework/Versions/A/CoreText
0x00007fffb1632000 	/System/Library/Frameworks/ImageIO.framework/Versions/A/ImageIO
0x00007fffb8e78000 	/System/Library/PrivateFrameworks/Backup.framework/Versions/A/Backup
0x00007fffc385c000 	/usr/lib/libarchive.2.dylib
0x00007fffae71e000 	/System/Library/Frameworks/CFNetwork.framework/Versions/A/CFNetwork
0x00007fffb5fa0000 	/System/Library/Frameworks/SystemConfiguration.framework/Versions/A/SystemConfiguration
0x00007fffc34f7000 	/usr/lib/libCRFSuite.dylib
0x00007fffc3909000 	/usr/lib/libbsm.0.dylib
0x00007fffc4dee000 	/usr/lib/system/libkxld.dylib
0x00007fffc39d2000 	/usr/lib/libcoretls.dylib
0x00007fffc39d3000 	/usr/lib/libcoretls_cfhelpers.dylib
0x00007fffc37e9000 	/usr/lib/libOpenScriptingUtil.dylib
0x00007fffc4872000 	/usr/lib/libpam.2.dylib
0x00007fffc4931000 	/usr/lib/libsqlite3.dylib
0x00007fffc4bc8000 	/usr/lib/libxar.1.dylib
0x00007fffc391a000 	/usr/lib/libbz2.1.0.dylib
0x00007fffc4116000 	/usr/lib/liblzma.5.dylib
0x00007fffc4422000 	/usr/lib/libnetwork.dylib
0x00007fffc4877000 	/usr/lib/libpcap.A.dylib
0x00007fffb078b000 	/System/Library/Frameworks/CoreServices.framework/Versions/A/Frameworks/FSEvents.framework/Versions/A/FSEvents
0x00007fffb047b000 	/System/Library/Frameworks/CoreServices.framework/Versions/A/Frameworks/CarbonCore.framework/Versions/A/CarbonCore
0x00007fffb0901000 	/System/Library/Frameworks/CoreServices.framework/Versions/A/Frameworks/Metadata.framework/Versions/A/Metadata
0x00007fffb09b2000 	/System/Library/Frameworks/CoreServices.framework/Versions/A/Frameworks/OSServices.framework/Versions/A/OSServices
0x00007fffb0a12000 	/System/Library/Frameworks/CoreServices.framework/Versions/A/Frameworks/SearchKit.framework/Versions/A/SearchKit
0x00007fffb0429000 	/System/Library/Frameworks/CoreServices.framework/Versions/A/Frameworks/AE.framework/Versions/A/AE
0x00007fffb0794000 	/System/Library/Frameworks/CoreServices.framework/Versions/A/Frameworks/LaunchServices.framework/Versions/A/LaunchServices
0x00007fffb0757000 	/System/Library/Frameworks/CoreServices.framework/Versions/A/Frameworks/DictionaryServices.framework/Versions/A/DictionaryServices
0x00007fffb0a83000 	/System/Library/Frameworks/CoreServices.framework/Versions/A/Frameworks/SharedFileList.framework/Versions/A/SharedFileList
0x00007fffb37cc000 	/System/Library/Frameworks/NetFS.framework/Versions/A/NetFS
0x00007fffbf235000 	/System/Library/PrivateFrameworks/NetAuth.framework/Versions/A/NetAuth
0x00007fffc34a0000 	/System/Library/PrivateFrameworks/login.framework/Versions/A/Frameworks/loginsupport.framework/Versions/A/loginsupport
0x00007fffc2091000 	/System/Library/PrivateFrameworks/TCC.framework/Versions/A/TCC
0x00007fffc4147000 	/usr/lib/libmecabra.dylib
0x00007fffade85000 	/System/Library/Frameworks/ApplicationServices.framework/Versions/A/Frameworks/ATS.framework/Versions/A/ATS
0x00007fffae205000 	/System/Library/Frameworks/ApplicationServices.framework/Versions/A/Frameworks/ColorSync.framework/Versions/A/ColorSync
0x00007fffae2b0000 	/System/Library/Frameworks/ApplicationServices.framework/Versions/A/Frameworks/HIServices.framework/Versions/A/HIServices
0x00007fffae302000 	/System/Library/Frameworks/ApplicationServices.framework/Versions/A/Frameworks/LangAnalysis.framework/Versions/A/LangAnalysis
0x00007fffae312000 	/System/Library/Frameworks/ApplicationServices.framework/Versions/A/Frameworks/PrintCore.framework/Versions/A/PrintCore
0x00007fffae360000 	/System/Library/Frameworks/ApplicationServices.framework/Versions/A/Frameworks/QD.framework/Versions/A/QD
0x00007fffae39c000 	/System/Library/Frameworks/ApplicationServices.framework/Versions/A/Frameworks/SpeechSynthesis.framework/Versions/A/SpeechSynthesis
0x00007fffac0d4000 	/System/Library/Frameworks/Accelerate.framework/Versions/A/Frameworks/vImage.framework/Versions/A/vImage
0x00007fffacdda000 	/System/Library/Frameworks/Accelerate.framework/Versions/A/Frameworks/vecLib.framework/Versions/A/vecLib
0x00007fffacb9f000 	/System/Library/Frameworks/Accelerate.framework/Versions/A/Frameworks/vecLib.framework/Versions/A/libvDSP.dylib
0x00007fffac760000 	/System/Library/Frameworks/Accelerate.framework/Versions/A/Frameworks/vecLib.framework/Versions/A/libBNNS.dylib
0x00007fffacb83000 	/System/Library/Frameworks/Accelerate.framework/Versions/A/Frameworks/vecLib.framework/Versions/A/libQuadrature.dylib
0x00007fffacd27000 	/System/Library/Frameworks/Accelerate.framework/Versions/A/Frameworks/vecLib.framework/Versions/A/libvMisc.dylib
0x00007fffac775000 	/System/Library/Frameworks/Accelerate.framework/Versions/A/Frameworks/vecLib.framework/Versions/A/libLAPACK.dylib
0x00007fffac5ee000 	/System/Library/Frameworks/Accelerate.framework/Versions/A/Frameworks/vecLib.framework/Versions/A/libBLAS.dylib
0x00007fffacb6c000 	/System/Library/Frameworks/Accelerate.framework/Versions/A/Frameworks/vecLib.framework/Versions/A/libLinearAlgebra.dylib
0x00007fffacb8a000 	/System/Library/Frameworks/Accelerate.framework/Versions/A/Frameworks/vecLib.framework/Versions/A/libSparseBLAS.dylib
0x00007fffadf8d000 	/System/Library/Frameworks/ApplicationServices.framework/Versions/A/Frameworks/ATS.framework/Versions/A/Resources/libFontParser.dylib
0x00007fffae0bd000 	/System/Library/Frameworks/ApplicationServices.framework/Versions/A/Frameworks/ATS.framework/Versions/A/Resources/libFontRegistry.dylib
0x00007fffb1889000 	/System/Library/Frameworks/ImageIO.framework/Versions/A/Resources/libJPEG.dylib
0x00007fffb18d8000 	/System/Library/Frameworks/ImageIO.framework/Versions/A/Resources/libTIFF.dylib
0x00007fffb18ad000 	/System/Library/Frameworks/ImageIO.framework/Versions/A/Resources/libPng.dylib
0x00007fffb1793000 	/System/Library/Frameworks/ImageIO.framework/Versions/A/Resources/libGIF.dylib
0x00007fffb1798000 	/System/Library/Frameworks/ImageIO.framework/Versions/A/Resources/libJP2.dylib
0x00007fffb18d5000 	/System/Library/Frameworks/ImageIO.framework/Versions/A/Resources/libRadiance.dylib
0x00007fffc39bb000 	/usr/lib/libcompression.dylib
0x00007fffb89ba000 	/System/Library/PrivateFrameworks/AppleJPEG.framework/Versions/A/AppleJPEG
0x00007fffc3d10000 	/usr/lib/libcups.2.dylib
0x00007fffb268f000 	/System/Library/Frameworks/Kerberos.framework/Versions/A/Kerberos
0x00007fffb13ad000 	/System/Library/Frameworks/GSS.framework/Versions/A/GSS
0x00007fffc48c5000 	/usr/lib/libresolv.9.dylib
0x00007fffc3df6000 	/usr/lib/libiconv.2.dylib
0x00007fffbdcb6000 	/System/Library/PrivateFrameworks/Heimdal.framework/Versions/A/Heimdal
0x00007fffc3df0000 	/usr/lib/libheimdal-asn1.dylib
0x00007fffb3a1d000 	/System/Library/Frameworks/OpenDirectory.framework/Versions/A/OpenDirectory
0x00007fffba4cd000 	/System/Library/PrivateFrameworks/CommonAuth.framework/Versions/A/CommonAuth
0x00007fffb3a03000 	/System/Library/Frameworks/OpenDirectory.framework/Versions/A/Frameworks/CFOpenDirectory.framework/Versions/A/CFOpenDirectory
0x00007fffb5b76000 	/System/Library/Frameworks/SecurityFoundation.framework/Versions/A/SecurityFoundation
0x00007fffbe46e000 	/System/Library/PrivateFrameworks/LanguageModeling.framework/Versions/A/LanguageModeling
0x00007fffc4130000 	/usr/lib/libmarisa.dylib
0x00007fffc3513000 	/usr/lib/libChineseTokenizer.dylib
0x00007fffc39aa000 	/usr/lib/libcmph.dylib
0x00007fffbac1f000 	/System/Library/PrivateFrameworks/CoreEmoji.framework/Versions/A/CoreEmoji
0x00007fffb5c16000 	/System/Library/Frameworks/ServiceManagement.framework/Versions/A/ServiceManagement
0x00007fffc4cc6000 	/usr/lib/libxslt.1.dylib
0x00007fffaee2e000 	/System/Library/Frameworks/Carbon.framework/Versions/A/Frameworks/Ink.framework/Versions/A/Ink
0x00007fffc2123000 	/System/Library/PrivateFrameworks/TextureIO.framework/Versions/A/TextureIO
0x00007fffb2e88000 	/System/Library/Frameworks/Metal.framework/Versions/A/Metal
0x00007fffc3888000 	/usr/lib/libate.dylib
0x00007fffbd2b8000 	/System/Library/PrivateFrameworks/GPUCompiler.framework/libmetal_timestamp.dylib
0x00007fffb3a2c000 	/System/Library/Frameworks/OpenGL.framework/Versions/A/Libraries/libCoreFSCache.dylib
0x00007fffbe347000 	/System/Library/PrivateFrameworks/IOAccelerator.framework/Versions/A/IOAccelerator
0x00007fffb0c9f000 	/System/Library/Frameworks/CoreVideo.framework/Versions/A/CoreVideo
0x00007fffc35b2000 	/usr/lib/libFosl_dynamic.dylib
0x00007fffbef46000 	/System/Library/PrivateFrameworks/MetalPerformanceShaders.framework/Versions/A/MetalPerformanceShaders
0x00007fffbbb30000 	/System/Library/PrivateFrameworks/FaceCore.framework/Versions/A/FaceCore
0x00007fffb39b4000 	/System/Library/Frameworks/OpenCL.framework/Versions/A/OpenCL
0x00007fffb3bff000 	/System/Library/Frameworks/OpenGL.framework/Versions/A/Libraries/libGLU.dylib
0x00007fffb3a35000 	/System/Library/Frameworks/OpenGL.framework/Versions/A/Libraries/libGFXShared.dylib
0x00007fffb3a3f000 	/System/Library/Frameworks/OpenGL.framework/Versions/A/Libraries/libGL.dylib
0x00007fffb3a4b000 	/System/Library/Frameworks/OpenGL.framework/Versions/A/Libraries/libGLImage.dylib
0x00007fffb3a29000 	/System/Library/Frameworks/OpenGL.framework/Versions/A/Libraries/libCVMSPluginSupport.dylib
0x00007fffb3a30000 	/System/Library/Frameworks/OpenGL.framework/Versions/A/Libraries/libCoreVMClient.dylib
0x00007fffbb581000 	/System/Library/PrivateFrameworks/CrashReporterSupport.framework/Versions/A/CrashReporterSupport
0x00007fffc0ff3000 	/System/Library/PrivateFrameworks/Sharing.framework/Versions/A/Sharing
0x00007fffbe365000 	/System/Library/PrivateFrameworks/IconServices.framework/Versions/A/IconServices
0x00007fffc0241000 	/System/Library/PrivateFrameworks/ProtocolBuffer.framework/Versions/A/ProtocolBuffer
0x00007fffb8890000 	/System/Library/PrivateFrameworks/Apple80211.framework/Versions/A/Apple80211
0x00007fffb0cd5000 	/System/Library/Frameworks/CoreWLAN.framework/Versions/A/CoreWLAN
0x00007fffbb3fb000 	/System/Library/PrivateFrameworks/CoreUtils.framework/Versions/A/CoreUtils
0x00007fffb149e000 	/System/Library/Frameworks/IOBluetooth.framework/Versions/A/IOBluetooth
0x00007fffbb51b000 	/System/Library/PrivateFrameworks/CoreWiFi.framework/Versions/A/CoreWiFi
0x00007fffaf1a5000 	/System/Library/Frameworks/CoreBluetooth.framework/Versions/A/CoreBluetooth
0x00007fffaf4b5000 	/System/Library/Frameworks/CoreDisplay.framework/Versions/A/CoreDisplay
0x00007fffbe350000 	/System/Library/PrivateFrameworks/IOPresentment.framework/Versions/A/IOPresentment
0x00007fffbb60c000 	/System/Library/PrivateFrameworks/DSExternalDisplay.framework/Versions/A/DSExternalDisplay
0x00007fffbb6f7000 	/System/Library/PrivateFrameworks/DebugSymbols.framework/Versions/A/DebugSymbols
0x00007fffbb22b000 	/System/Library/PrivateFrameworks/CoreSymbolication.framework/Versions/A/CoreSymbolication
0x00007fffc1bde000 	/System/Library/PrivateFrameworks/Symbolication.framework/Versions/A/Symbolication
0x00007fffb88b3000 	/System/Library/PrivateFrameworks/AppleFSCompression.framework/Versions/A/AppleFSCompression
0x00007fffc14e6000 	/System/Library/PrivateFrameworks/SpeechRecognitionCore.framework/Versions/A/SpeechRecognitionCore
0x00007fffb9b81000 	/System/Library/PrivateFrameworks/ChunkingLibrary.framework/Versions/A/ChunkingLibrary
0x000000010a800000 	/Library/Java/JavaVirtualMachines/jdk-13.0.1.jdk/Contents/Home/lib/server/libjvm.dylib
0x0000000109fdb000 	/Library/Java/JavaVirtualMachines/jdk-13.0.1.jdk/Contents/Home/lib/libverify.dylib
0x000000010b5e1000 	/Library/Java/JavaVirtualMachines/jdk-13.0.1.jdk/Contents/Home/lib/libjava.dylib
0x0000000109ff2000 	/Library/Java/JavaVirtualMachines/jdk-13.0.1.jdk/Contents/Home/lib/libzip.dylib
0x0000000109ff9000 	/Library/Java/JavaVirtualMachines/jdk-13.0.1.jdk/Contents/Home/lib/libjimage.dylib
0x00000001172b7000 	/Library/Java/JavaVirtualMachines/jdk-13.0.1.jdk/Contents/Home/lib/libnio.dylib
0x00000001172c5000 	/Library/Java/JavaVirtualMachines/jdk-13.0.1.jdk/Contents/Home/lib/./libnet.dylib


VM Arguments:
jvm_args: -Dfile.encoding=UTF-8 
java_command: org.apache.catalina.startup.Tomcat$1
java_class_path (initial): /Users/jd/Documents/JavaBatch-workspace/Struts 2.x/Web App Projects/Bug Report Mapping System/BugReportSystem/build/classes:/Users/jd/Documents/JavaBatch-workspace/Apache-tomcat-8.5.54/lib/annotations-api.jar:/Users/jd/Documents/JavaBatch-workspace/Apache-tomcat-8.5.54/lib/catalina-ant.jar:/Users/jd/Documents/JavaBatch-workspace/Apache-tomcat-8.5.54/lib/catalina-ha.jar:/Users/jd/Documents/JavaBatch-workspace/Apache-tomcat-8.5.54/lib/catalina-storeconfig.jar:/Users/jd/Documents/JavaBatch-workspace/Apache-tomcat-8.5.54/lib/catalina-tribes.jar:/Users/jd/Documents/JavaBatch-workspace/Apache-tomcat-8.5.54/lib/catalina.jar:/Users/jd/Documents/JavaBatch-workspace/Apache-tomcat-8.5.54/lib/ecj-4.6.3.jar:/Users/jd/Documents/JavaBatch-workspace/Apache-tomcat-8.5.54/lib/el-api.jar:/Users/jd/Documents/JavaBatch-workspace/Apache-tomcat-8.5.54/lib/jasper-el.jar:/Users/jd/Documents/JavaBatch-workspace/Apache-tomcat-8.5.54/lib/jasper.jar:/Users/jd/Documents/JavaBatch-workspace/Apache-tomcat-8.5.54/lib/jaspic-api.jar:/Users/jd/Documents/JavaBatch-workspace/Apache-tomcat-8.5.54/lib/jsp-api.jar:/Users/jd/Documents/JavaBatch-workspace/Apache-tomcat-8.5.54/lib/servlet-api.jar:/Users/jd/Documents/JavaBatch-workspace/Apache-tomcat-8.5.54/lib/tomcat-api.jar:/Users/jd/Documents/JavaBatch-workspace/Apache-tomcat-8.5.54/lib/tomcat-coyote.jar:/Users/jd/Documents/JavaBatch-workspace/Apache-tomcat-8.5.54/lib/tomcat-dbcp.jar:/Users/jd/Documents/JavaBatch-workspace/Apache-tomcat-8.5.54/lib/tomcat-i18n-de.jar:/Users/jd/Documents/JavaBatch-workspace/Apache-tomcat-8.5.54/lib/tomcat-i18n-es.jar:/Users/jd/Documents/JavaBatch-workspace/Apache-tomcat-8.5.54/lib/tomcat-i18n-fr.jar:/Users/jd/Documents/JavaBatch-workspace/Apache-tomcat-8.5.54/lib/tomcat-i18n-ja.jar:/Users/jd/Documents/JavaBatch-workspace/Apache-tomcat-8.5.54/lib/tomcat-i18n-ko.jar:/Users/jd/Documents/JavaBatch-workspace/Apache-tomcat-8.5.54/lib/tomcat-i18n-ru.jar:/Users/jd/Documents/JavaBatch-workspace/Apache-tom
Launcher Type: SUN_STANDARD

[Global flags]
     intx CICompilerCount                          = 3                                         {product} {ergonomic}
     uint ConcGCThreads                            = 1                                         {product} {ergonomic}
     uint G1ConcRefinementThreads                  = 4                                         {product} {ergonomic}
   size_t G1HeapRegionSize                         = 1048576                                   {product} {ergonomic}
    uintx GCDrainStackTargetSize                   = 64                                        {product} {ergonomic}
   size_t InitialHeapSize                          = 134217728                                 {product} {ergonomic}
   size_t MarkStackSize                            = 4194304                                   {product} {ergonomic}
   size_t MaxHeapSize                              = 2147483648                                {product} {ergonomic}
   size_t MaxNewSize                               = 1287651328                                {product} {ergonomic}
   size_t MinHeapDeltaBytes                        = 1048576                                   {product} {ergonomic}
   size_t MinHeapSize                              = 8388608                                   {product} {ergonomic}
    uintx NonNMethodCodeHeapSize                   = 5830732                                {pd product} {ergonomic}
    uintx NonProfiledCodeHeapSize                  = 122913754                              {pd product} {ergonomic}
    uintx ProfiledCodeHeapSize                     = 122913754                              {pd product} {ergonomic}
    uintx ReservedCodeCacheSize                    = 251658240                              {pd product} {ergonomic}
     bool SegmentedCodeCache                       = true                                      {product} {ergonomic}
   size_t SoftMaxHeapSize                          = 2147483648                             {manageable} {ergonomic}
     bool UseCompressedClassPointers               = true                                 {lp64_product} {ergonomic}
     bool UseCompressedOops                        = true                                 {lp64_product} {ergonomic}
     bool UseG1GC                                  = true                                      {product} {ergonomic}

Logging:
Log output configuration:
 #0: stdout all=warning uptime,level,tags
 #1: stderr all=off uptime,level,tags

Environment Variables:
PATH=/usr/bin:/bin:/usr/sbin:/sbin
SHELL=/bin/bash

Signal Handlers:
SIGSEGV: [libjvm.dylib+0x781570], sa_mask[0]=11111111011111110111111111111111, sa_flags=SA_ONSTACK|SA_RESTART|SA_SIGINFO
SIGBUS: [libjvm.dylib+0x781570], sa_mask[0]=11111111011111110111111111111111, sa_flags=SA_RESTART|SA_SIGINFO
SIGFPE: [libjvm.dylib+0x781570], sa_mask[0]=11111111011111110111111111111111, sa_flags=SA_RESTART|SA_SIGINFO
SIGPIPE: [libjvm.dylib+0x627f75], sa_mask[0]=11111111011111110111111111111111, sa_flags=SA_RESTART|SA_SIGINFO
SIGXFSZ: [libjvm.dylib+0x627f75], sa_mask[0]=11111111011111110111111111111111, sa_flags=SA_RESTART|SA_SIGINFO
SIGILL: [libjvm.dylib+0x781570], sa_mask[0]=11111111011111110111111111111111, sa_flags=SA_RESTART|SA_SIGINFO
SIGUSR2: [libjvm.dylib+0x62855f], sa_mask[0]=00100000000000000000000000000000, sa_flags=SA_RESTART|SA_SIGINFO
SIGHUP: [libjvm.dylib+0x62754d], sa_mask[0]=11111111011111110111111111111111, sa_flags=SA_RESTART|SA_SIGINFO
SIGINT: [libjvm.dylib+0x62754d], sa_mask[0]=11111111011111110111111111111111, sa_flags=SA_RESTART|SA_SIGINFO
SIGTERM: [libjvm.dylib+0x62754d], sa_mask[0]=11111111011111110111111111111111, sa_flags=SA_RESTART|SA_SIGINFO
SIGQUIT: [libjvm.dylib+0x62754d], sa_mask[0]=11111111011111110111111111111111, sa_flags=SA_RESTART|SA_SIGINFO


---------------  S Y S T E M  ---------------

OS:uname:Darwin 16.7.0 Darwin Kernel Version 16.7.0: Thu Dec 20 21:53:35 PST 2018; root:xnu-3789.73.31~1/RELEASE_X86_64 x86_64
rlimit: STACK 8192k, CORE 0k, NPROC 709, NOFILE 10240, AS infinity, DATA infinity, FSIZE infinity
load average:3.80 3.26 3.05

CPU:total 4 (initial active 4) (2 cores per cpu, 2 threads per core) family 6 model 61 stepping 4, cmov, cx8, fxsr, mmx, sse, sse2, sse3, ssse3, sse4.1, sse4.2, popcnt, avx, avx2, aes, clmul, erms, rtm, 3dnowpref, lzcnt, ht, tsc, tscinvbit, bmi1, bmi2, adx, fma

Memory: 4k page, physical 8388608k(70572k free), swap 7340032k(383232k free)

vm_info: Java HotSpot(TM) 64-Bit Server VM (13.0.1+9) for bsd-amd64 JRE (13.0.1+9), built on Oct  6 2019 11:43:59 by "mach5one" with clang 4.2.1 Compatible Apple LLVM 10.0.0 (clang-1000.11.45.5)

END.
